05:26:13.214 [main] INFO  MobileProgrammingLLC.Tests.Listeners - 
--------------------Test1--------------------

05:26:13.234 [main] INFO  MobileProgrammingLLC.Tests.APIDemos_SettingWiFi - Initializing Configurations...
05:26:13.234 [main] DEBUG MobileProgrammingLLC.Resources.Base - Loading locators...
05:26:13.234 [main] INFO  MobileProgrammingLLC.Resources.Base - Locators successfully loaded.
05:26:13.234 [main] DEBUG MobileProgrammingLLC.Resources.Base - Loading config file...
05:26:13.235 [main] INFO  MobileProgrammingLLC.Resources.Base - Config file successfully loaded.
05:26:13.235 [main] DEBUG MobileProgrammingLLC.Resources.Base - Loading data...
05:26:13.235 [main] INFO  MobileProgrammingLLC.Resources.Base - Data successfully loaded.
05:26:13.243 [main] DEBUG MobileProgrammingLLC.Resources.Base - Starting Appium Server...
05:26:22.835 [main] INFO  MobileProgrammingLLC.Resources.Base - Server successfully started.
05:26:22.836 [main] DEBUG MobileProgrammingLLC.Resources.Base - Setting Capabilities...
05:26:22.840 [main] DEBUG MobileProgrammingLLC.Resources.Base - Starting Emulator...
05:26:37.862 [main] INFO  MobileProgrammingLLC.Resources.Base - Emulator successfully started.
05:26:37.863 [main] INFO  MobileProgrammingLLC.Resources.Base - Capabilities Successfully set.
05:26:37.863 [main] DEBUG MobileProgrammingLLC.Resources.Base - Invoking the Native Application...
05:26:37.863 [main] INFO  MobileProgrammingLLC.Resources.Base - Application successfully invoked.
05:26:37.863 [main] DEBUG MobileProgrammingLLC.Resources.Base - Creating connection with Appium Server...
05:27:01.635 [main] INFO  MobileProgrammingLLC.Resources.Base - Connection successfully created.
05:27:02.255 [main] INFO  MobileProgrammingLLC.Tests.APIDemos_SettingWiFi - Configurations Successfully Initialized.
05:27:02.276 [main] INFO  MobileProgrammingLLC.Tests.Listeners - 
--------------------clickOnPreferenceOption--------------------

05:27:02.276 [main] DEBUG MobileProgrammingLLC.Resources.Base - Attempting to tap on element 'Located by By.chained({By.xpath: //android.widget.TextView[@text='Preference']})'...
05:27:03.159 [main] INFO  MobileProgrammingLLC.Resources.Base - Successfully tapped on 'Located by By.chained({By.xpath: //android.widget.TextView[@text='Preference']})'
05:27:03.160 [main] INFO  MobileProgrammingLLC.Tests.Listeners - Script 'clickOnPreferenceOption' passed.
05:27:03.163 [main] INFO  MobileProgrammingLLC.Tests.Listeners - 
--------------------clickOnPreferenceDependenciesOption--------------------

05:27:03.163 [main] DEBUG MobileProgrammingLLC.Resources.Base - Attempting to tap on element 'Located by By.chained({By.AndroidUIAutomator: text("3. Preference dependencies")})'...
05:27:05.933 [main] INFO  MobileProgrammingLLC.Resources.Base - Successfully tapped on 'Located by By.chained({By.AndroidUIAutomator: text("3. Preference dependencies")})'
05:27:05.933 [main] INFO  MobileProgrammingLLC.Tests.Listeners - Script 'clickOnPreferenceDependenciesOption' passed.
05:27:05.934 [main] INFO  MobileProgrammingLLC.Tests.Listeners - 
--------------------settingWifiFunctionality--------------------

05:27:05.939 [main] DEBUG MobileProgrammingLLC.Resources.Base - Attempting to tap on element 'Located by By.chained({By.className: android.widget.CheckBox})'...
05:27:10.038 [main] INFO  MobileProgrammingLLC.Resources.Base - Successfully tapped on 'Located by By.chained({By.className: android.widget.CheckBox})'
05:27:10.039 [main] DEBUG MobileProgrammingLLC.Resources.Base - Attempting to tap on element 'Located by By.chained({By.xpath: //android.widget.TextView[@text='WiFi settings']})'...
05:27:11.393 [main] INFO  MobileProgrammingLLC.Resources.Base - Successfully tapped on 'Located by By.chained({By.xpath: //android.widget.TextView[@text='WiFi settings']})'
05:27:27.708 [main] DEBUG MobileProgrammingLLC.Resources.Base - Attempting to tap on element 'Located by By.chained({By.id: android:id/button1})'...
05:27:30.145 [main] INFO  MobileProgrammingLLC.Resources.Base - Successfully tapped on 'Located by By.chained({By.id: android:id/button1})'
05:27:30.145 [main] INFO  MobileProgrammingLLC.Tests.Listeners - Script 'settingWifiFunctionality' passed.
05:27:34.441 [main] DEBUG MobileProgrammingLLC.Resources.Base - Stopping Appium Server...
05:27:34.496 [main] INFO  MobileProgrammingLLC.Resources.Base - Server successfully stopped.
05:27:34.514 [main] INFO  MobileProgrammingLLC.Tests.Listeners - 
--------------------Test1--------------------

05:28:31.970 [main] INFO  MobileProgrammingLLC.Tests.Listeners - 
--------------------Test1--------------------

05:28:31.995 [main] INFO  MobileProgrammingLLC.Tests.APIDemos_SettingWiFi - Initializing Configurations...
05:28:31.995 [main] DEBUG MobileProgrammingLLC.Resources.Base - Loading locators...
05:28:31.996 [main] INFO  MobileProgrammingLLC.Resources.Base - Locators successfully loaded.
05:28:31.996 [main] DEBUG MobileProgrammingLLC.Resources.Base - Loading config file...
05:28:31.996 [main] INFO  MobileProgrammingLLC.Resources.Base - Config file successfully loaded.
05:28:31.996 [main] DEBUG MobileProgrammingLLC.Resources.Base - Loading data...
05:28:31.997 [main] INFO  MobileProgrammingLLC.Resources.Base - Data successfully loaded.
05:28:32.005 [main] DEBUG MobileProgrammingLLC.Resources.Base - Starting Appium Server...
05:28:41.892 [main] INFO  MobileProgrammingLLC.Resources.Base - Server successfully started.
05:28:41.893 [main] DEBUG MobileProgrammingLLC.Resources.Base - Setting Capabilities...
05:28:41.898 [main] DEBUG MobileProgrammingLLC.Resources.Base - Starting Emulator...
05:28:56.908 [main] INFO  MobileProgrammingLLC.Resources.Base - Emulator successfully started.
05:28:56.908 [main] INFO  MobileProgrammingLLC.Resources.Base - Capabilities Successfully set.
05:28:56.909 [main] DEBUG MobileProgrammingLLC.Resources.Base - Invoking the Native Application...
05:28:56.909 [main] INFO  MobileProgrammingLLC.Resources.Base - Application successfully invoked.
05:28:56.909 [main] DEBUG MobileProgrammingLLC.Resources.Base - Creating connection with Appium Server...
05:29:18.228 [main] INFO  MobileProgrammingLLC.Resources.Base - Connection successfully created.
05:29:19.052 [main] INFO  MobileProgrammingLLC.Tests.APIDemos_SettingWiFi - Configurations Successfully Initialized.
05:29:19.064 [main] INFO  MobileProgrammingLLC.Tests.Listeners - 
--------------------clickOnPreferenceOption--------------------

05:29:19.066 [main] DEBUG MobileProgrammingLLC.Resources.Base - Attempting to tap on element 'Located by By.chained({By.xpath: //android.widget.TextView[@text='Preferencea']})'...
05:29:39.475 [main] ERROR MobileProgrammingLLC.Resources.Base - Tapping on the element failed. Taking Screenshot...
05:29:40.716 [main] INFO  MobileProgrammingLLC.Resources.Base - Screenshot taken! NAME: Located by By.chained({By.xpath: //android.widget.TextView[@text='Preferencea']})_Wed Jan 30 05:29:40 IST 2019_ss.png
05:29:40.716 [main] INFO  MobileProgrammingLLC.Tests.Listeners - Script 'clickOnPreferenceOption' passed.
05:29:40.719 [main] INFO  MobileProgrammingLLC.Tests.Listeners - 
--------------------clickOnPreferenceDependenciesOption--------------------

05:29:40.720 [main] DEBUG MobileProgrammingLLC.Resources.Base - Attempting to tap on element 'Located by By.chained({By.AndroidUIAutomator: text("3. Preference dependencies")})'...
05:30:00.751 [main] ERROR MobileProgrammingLLC.Resources.Base - Tapping on the element failed. Taking Screenshot...
05:30:01.774 [main] INFO  MobileProgrammingLLC.Resources.Base - Screenshot taken! NAME: Located by By.chained({By.AndroidUIAutomator: text("3. Preference dependencies")})_Wed Jan 30 05:30:01 IST 2019_ss.png
05:30:01.775 [main] INFO  MobileProgrammingLLC.Tests.Listeners - Script 'clickOnPreferenceDependenciesOption' passed.
05:30:01.775 [main] INFO  MobileProgrammingLLC.Tests.Listeners - 
--------------------settingWifiFunctionality--------------------

05:30:01.776 [main] DEBUG MobileProgrammingLLC.Resources.Base - Attempting to tap on element 'Located by By.chained({By.className: android.widget.CheckBox})'...
05:30:22.312 [main] ERROR MobileProgrammingLLC.Resources.Base - Tapping on the element failed. Taking Screenshot...
05:30:23.254 [main] INFO  MobileProgrammingLLC.Resources.Base - Screenshot taken! NAME: Located by By.chained({By.className: android.widget.CheckBox})_Wed Jan 30 05:30:23 IST 2019_ss.png
05:30:23.255 [main] DEBUG MobileProgrammingLLC.Resources.Base - Attempting to tap on element 'Located by By.chained({By.xpath: //android.widget.TextView[@text='WiFi settings']})'...
05:30:43.780 [main] ERROR MobileProgrammingLLC.Resources.Base - Tapping on the element failed. Taking Screenshot...
05:30:44.727 [main] INFO  MobileProgrammingLLC.Resources.Base - Screenshot taken! NAME: Located by By.chained({By.xpath: //android.widget.TextView[@text='WiFi settings']})_Wed Jan 30 05:30:44 IST 2019_ss.png
05:31:05.185 [main] ERROR MobileProgrammingLLC.Tests.Listeners - Script 'settingWifiFunctionality' failed. Dumping screenshot...
05:31:07.118 [main] INFO  MobileProgrammingLLC.Resources.Base - Screenshot taken! NAME: settingWifiFunctionality_Wed Jan 30 05:31:07 IST 2019_ss.png
05:31:09.531 [main] DEBUG MobileProgrammingLLC.Resources.Base - Stopping Appium Server...
05:31:09.585 [main] INFO  MobileProgrammingLLC.Resources.Base - Server successfully stopped.
05:31:09.634 [main] INFO  MobileProgrammingLLC.Tests.Listeners - 
--------------------Test1--------------------

05:35:18.820 [main] INFO  MobileProgrammingLLC.Tests.Listeners - 
--------------------Test1--------------------

05:35:18.841 [main] INFO  MobileProgrammingLLC.Tests.APIDemos_SettingWiFi - Initializing Configurations...
05:35:18.841 [main] DEBUG MobileProgrammingLLC.Resources.Base - Loading locators...
05:35:18.841 [main] INFO  MobileProgrammingLLC.Resources.Base - Locators successfully loaded.
05:35:18.841 [main] DEBUG MobileProgrammingLLC.Resources.Base - Loading config file...
05:35:18.841 [main] INFO  MobileProgrammingLLC.Resources.Base - Config file successfully loaded.
05:35:18.842 [main] DEBUG MobileProgrammingLLC.Resources.Base - Loading data...
05:35:18.842 [main] INFO  MobileProgrammingLLC.Resources.Base - Data successfully loaded.
05:35:18.863 [main] DEBUG MobileProgrammingLLC.Resources.Base - Starting Appium Server...
05:35:28.788 [main] INFO  MobileProgrammingLLC.Resources.Base - Server successfully started.
05:35:28.788 [main] DEBUG MobileProgrammingLLC.Resources.Base - Setting Capabilities...
05:35:28.792 [main] DEBUG MobileProgrammingLLC.Resources.Base - Starting Emulator...
05:35:43.800 [main] INFO  MobileProgrammingLLC.Resources.Base - Emulator successfully started.
05:35:43.800 [main] INFO  MobileProgrammingLLC.Resources.Base - Capabilities Successfully set.
05:35:43.800 [main] DEBUG MobileProgrammingLLC.Resources.Base - Invoking the Native Application...
05:35:43.801 [main] INFO  MobileProgrammingLLC.Resources.Base - Application successfully invoked.
05:35:43.801 [main] DEBUG MobileProgrammingLLC.Resources.Base - Creating connection with Appium Server...
05:36:16.957 [main] INFO  MobileProgrammingLLC.Resources.Base - Connection successfully created.
05:36:17.668 [main] INFO  MobileProgrammingLLC.Tests.APIDemos_SettingWiFi - Configurations Successfully Initialized.
05:36:17.683 [main] INFO  MobileProgrammingLLC.Tests.Listeners - 
--------------------clickOnPreferenceOption--------------------

05:36:17.684 [main] DEBUG MobileProgrammingLLC.Resources.Base - Attempting to tap on element 'Located by By.chained({By.xpath: //android.widget.TextView[@text='Preferences']})'...
05:36:37.918 [main] ERROR MobileProgrammingLLC.Resources.Base - Tapping on the element failed. Taking Screenshot...
05:36:39.345 [main] INFO  MobileProgrammingLLC.Resources.Base - Screenshot taken! NAME: Located by By.chained({By.xpath: //android.widget.TextView[@text='Preferences']})_Wed Jan 30 05:36:39 IST 2019_ss.png
05:36:39.345 [main] INFO  MobileProgrammingLLC.Tests.Listeners - Script 'clickOnPreferenceOption' passed.
05:36:39.348 [main] INFO  MobileProgrammingLLC.Tests.Listeners - 
--------------------clickOnPreferenceDependenciesOption--------------------

05:36:39.349 [main] DEBUG MobileProgrammingLLC.Resources.Base - Attempting to tap on element 'Located by By.chained({By.AndroidUIAutomator: text("3. Preference dependencies")})'...
05:36:59.623 [main] ERROR MobileProgrammingLLC.Resources.Base - Tapping on the element failed. Taking Screenshot...
05:37:01.649 [main] INFO  MobileProgrammingLLC.Resources.Base - Screenshot taken! NAME: Located by By.chained({By.AndroidUIAutomator: text("3. Preference dependencies")})_Wed Jan 30 05:37:01 IST 2019_ss.png
05:37:01.649 [main] INFO  MobileProgrammingLLC.Tests.Listeners - Script 'clickOnPreferenceDependenciesOption' passed.
05:37:01.651 [main] INFO  MobileProgrammingLLC.Tests.Listeners - 
--------------------settingWifiFunctionality--------------------

05:37:01.652 [main] DEBUG MobileProgrammingLLC.Resources.Base - Attempting to tap on element 'Located by By.chained({By.className: android.widget.CheckBox})'...
05:37:22.532 [main] ERROR MobileProgrammingLLC.Resources.Base - Tapping on the element failed. Taking Screenshot...
05:37:26.024 [main] INFO  MobileProgrammingLLC.Resources.Base - Screenshot taken! NAME: Located by By.chained({By.className: android.widget.CheckBox})_Wed Jan 30 05:37:26 IST 2019_ss.png
05:37:26.025 [main] DEBUG MobileProgrammingLLC.Resources.Base - Attempting to tap on element 'Located by By.chained({By.xpath: //android.widget.TextView[@text='WiFi settings']})'...
05:37:36.810 [main] INFO  MobileProgrammingLLC.Tests.Listeners - 
--------------------Test1--------------------

05:37:36.853 [main] INFO  MobileProgrammingLLC.Tests.APIDemos_SettingWiFi - Initializing Configurations...
05:37:36.853 [main] DEBUG MobileProgrammingLLC.Resources.Base - Loading locators...
05:37:36.854 [main] INFO  MobileProgrammingLLC.Resources.Base - Locators successfully loaded.
05:37:36.854 [main] DEBUG MobileProgrammingLLC.Resources.Base - Loading config file...
05:37:36.854 [main] INFO  MobileProgrammingLLC.Resources.Base - Config file successfully loaded.
05:37:36.854 [main] DEBUG MobileProgrammingLLC.Resources.Base - Loading data...
05:37:36.855 [main] INFO  MobileProgrammingLLC.Resources.Base - Data successfully loaded.
05:37:36.869 [main] DEBUG MobileProgrammingLLC.Resources.Base - Starting Appium Server...
05:37:37.188 [main] ERROR MobileProgrammingLLC.Resources.Base - Tapping on the element failed. Taking Screenshot...
05:37:37.213 [main] ERROR MobileProgrammingLLC.Tests.Listeners - Script 'settingWifiFunctionality' failed. Dumping screenshot...
05:37:38.428 [main] INFO  MobileProgrammingLLC.Tests.APIDemos_RetrivingDogsInfo - Initializing Configurations...
05:37:38.428 [main] DEBUG MobileProgrammingLLC.Resources.Base - Loading locators...
05:37:38.428 [main] INFO  MobileProgrammingLLC.Resources.Base - Locators successfully loaded.
05:37:38.428 [main] DEBUG MobileProgrammingLLC.Resources.Base - Loading config file...
05:37:38.428 [main] INFO  MobileProgrammingLLC.Resources.Base - Config file successfully loaded.
05:37:38.429 [main] DEBUG MobileProgrammingLLC.Resources.Base - Loading data...
05:37:38.429 [main] INFO  MobileProgrammingLLC.Resources.Base - Data successfully loaded.
05:37:38.444 [main] DEBUG MobileProgrammingLLC.Resources.Base - Starting Appium Server...
05:37:44.392 [main] INFO  MobileProgrammingLLC.Resources.Base - Server successfully started.
05:37:44.392 [main] DEBUG MobileProgrammingLLC.Resources.Base - Setting Capabilities...
05:37:44.396 [main] DEBUG MobileProgrammingLLC.Resources.Base - Starting Emulator...
05:37:45.668 [main] INFO  MobileProgrammingLLC.Resources.Base - Server successfully started.
05:37:45.668 [main] DEBUG MobileProgrammingLLC.Resources.Base - Setting Capabilities...
05:37:45.669 [main] DEBUG MobileProgrammingLLC.Resources.Base - Starting Emulator...
05:37:46.943 [main] INFO  MobileProgrammingLLC.Resources.Base - Emulator successfully started.
05:37:46.944 [main] INFO  MobileProgrammingLLC.Resources.Base - Capabilities Successfully set.
05:37:46.945 [main] DEBUG MobileProgrammingLLC.Resources.Base - Invoking the Native Application...
05:37:46.945 [main] INFO  MobileProgrammingLLC.Resources.Base - Application successfully invoked.
05:37:46.945 [main] DEBUG MobileProgrammingLLC.Resources.Base - Creating connection with Appium Server...
05:37:48.172 [main] INFO  MobileProgrammingLLC.Tests.Listeners - 
--------------------clickOnPreferenceOption--------------------

05:37:48.178 [main] INFO  MobileProgrammingLLC.Tests.APIDemos_RetrivingDogsInfo - Initializing Configurations...
05:37:48.179 [main] DEBUG MobileProgrammingLLC.Resources.Base - Loading locators...
05:37:48.179 [main] INFO  MobileProgrammingLLC.Resources.Base - Locators successfully loaded.
05:37:48.179 [main] DEBUG MobileProgrammingLLC.Resources.Base - Loading config file...
05:37:48.179 [main] INFO  MobileProgrammingLLC.Resources.Base - Config file successfully loaded.
05:37:48.179 [main] DEBUG MobileProgrammingLLC.Resources.Base - Loading data...
05:37:48.179 [main] INFO  MobileProgrammingLLC.Resources.Base - Data successfully loaded.
05:37:48.193 [main] DEBUG MobileProgrammingLLC.Resources.Base - Starting Appium Server...
05:37:58.377 [main] INFO  MobileProgrammingLLC.Resources.Base - Server successfully started.
05:37:58.377 [main] DEBUG MobileProgrammingLLC.Resources.Base - Setting Capabilities...
05:37:58.378 [main] DEBUG MobileProgrammingLLC.Resources.Base - Starting Emulator...
05:38:00.719 [main] INFO  MobileProgrammingLLC.Resources.Base - Emulator successfully started.
05:38:00.719 [main] INFO  MobileProgrammingLLC.Resources.Base - Capabilities Successfully set.
05:38:00.720 [main] DEBUG MobileProgrammingLLC.Resources.Base - Invoking the Native Application...
05:38:00.720 [main] INFO  MobileProgrammingLLC.Resources.Base - Application successfully invoked.
05:38:00.720 [main] DEBUG MobileProgrammingLLC.Resources.Base - Creating connection with Appium Server...
05:38:18.253 [main] INFO  MobileProgrammingLLC.Resources.Base - Connection successfully created.
05:38:19.000 [main] INFO  MobileProgrammingLLC.Tests.APIDemos_RetrivingDogsInfo - Configurations Successfully Initialized.
05:38:19.001 [main] INFO  MobileProgrammingLLC.Tests.Listeners - 
--------------------navigateToCustomAdapterPage--------------------

05:38:19.001 [main] DEBUG MobileProgrammingLLC.Resources.Base - Attempting to tap on element 'Located by By.chained({By.AndroidUIAutomator: text("Views")})'...
05:38:19.592 [main] INFO  MobileProgrammingLLC.Resources.Base - Successfully tapped on 'Located by By.chained({By.AndroidUIAutomator: text("Views")})'
05:38:19.592 [main] DEBUG MobileProgrammingLLC.Resources.Base - Attempting to tap on element 'Located by By.chained({By.AndroidUIAutomator: text("Expandable Lists")})'...
05:38:22.673 [main] INFO  MobileProgrammingLLC.Resources.Base - Successfully tapped on 'Located by By.chained({By.AndroidUIAutomator: text("Expandable Lists")})'
05:38:22.673 [main] INFO  MobileProgrammingLLC.Tests.Listeners - Script 'navigateToCustomAdapterPage' passed.
05:38:22.674 [main] INFO  MobileProgrammingLLC.Tests.Listeners - 
--------------------retrieveDogNamesInformation--------------------

05:38:22.674 [main] DEBUG MobileProgrammingLLC.Resources.Base - Attempting to tap on element 'Located by By.chained({By.xpath: //android.widget.TextView[@text='1. Custom Adapter']})'...
05:38:25.920 [main] INFO  MobileProgrammingLLC.Resources.Base - Successfully tapped on 'Located by By.chained({By.xpath: //android.widget.TextView[@text='1. Custom Adapter']})'
05:38:25.920 [main] DEBUG MobileProgrammingLLC.Resources.Base - Attempting to long press on element 'Located by By.chained({By.xpath: //*[@text='Dog Names']})'...
05:38:29.940 [main] INFO  MobileProgrammingLLC.Resources.Base - Successfully long pressed on 'Located by By.chained({By.xpath: //*[@text='Dog Names']})'.
05:38:29.940 [main] INFO  MobileProgrammingLLC.Tests.Listeners - Script 'retrieveDogNamesInformation' passed.
05:38:32.627 [main] DEBUG MobileProgrammingLLC.Resources.Base - Stopping Appium Server...
05:38:32.681 [main] INFO  MobileProgrammingLLC.Resources.Base - Server successfully stopped.
05:38:32.682 [main] INFO  MobileProgrammingLLC.Tests.APIDemos_PlayingRedDots - Initializing Configurations...
05:38:32.682 [main] DEBUG MobileProgrammingLLC.Resources.Base - Loading locators...
05:38:32.682 [main] INFO  MobileProgrammingLLC.Resources.Base - Locators successfully loaded.
05:38:32.683 [main] DEBUG MobileProgrammingLLC.Resources.Base - Loading config file...
05:38:32.683 [main] INFO  MobileProgrammingLLC.Resources.Base - Config file successfully loaded.
05:38:32.683 [main] DEBUG MobileProgrammingLLC.Resources.Base - Loading data...
05:38:32.683 [main] INFO  MobileProgrammingLLC.Resources.Base - Data successfully loaded.
05:38:32.692 [main] DEBUG MobileProgrammingLLC.Resources.Base - Starting Appium Server...
05:38:42.485 [main] INFO  MobileProgrammingLLC.Resources.Base - Server successfully started.
05:38:42.485 [main] DEBUG MobileProgrammingLLC.Resources.Base - Setting Capabilities...
05:38:42.485 [main] DEBUG MobileProgrammingLLC.Resources.Base - Starting Emulator...
05:38:44.825 [main] INFO  MobileProgrammingLLC.Resources.Base - Emulator successfully started.
05:38:44.825 [main] INFO  MobileProgrammingLLC.Resources.Base - Capabilities Successfully set.
05:38:44.826 [main] DEBUG MobileProgrammingLLC.Resources.Base - Invoking the Native Application...
05:38:44.826 [main] INFO  MobileProgrammingLLC.Resources.Base - Application successfully invoked.
05:38:44.826 [main] DEBUG MobileProgrammingLLC.Resources.Base - Creating connection with Appium Server...
05:38:56.495 [main] INFO  MobileProgrammingLLC.Resources.Base - Connection successfully created.
05:38:56.633 [main] INFO  MobileProgrammingLLC.Tests.APIDemos_PlayingRedDots - Configurations Successfully Initialized.
05:38:56.633 [main] INFO  MobileProgrammingLLC.Tests.Listeners - 
--------------------tapOnViewsOption--------------------

05:38:56.634 [main] DEBUG MobileProgrammingLLC.Resources.Base - Attempting to tap on element 'Located by By.chained({By.AndroidUIAutomator: text("Views")})'...
05:38:57.500 [main] INFO  MobileProgrammingLLC.Resources.Base - Successfully tapped on 'Located by By.chained({By.AndroidUIAutomator: text("Views")})'
05:38:57.500 [main] INFO  MobileProgrammingLLC.Tests.Listeners - Script 'tapOnViewsOption' passed.
05:38:57.501 [main] INFO  MobileProgrammingLLC.Tests.Listeners - 
--------------------tapOnDragAndDropOption--------------------

05:38:57.502 [main] DEBUG MobileProgrammingLLC.Resources.Base - Attempting to tap on element 'Located by By.chained({By.xpath: //android.widget.TextView[@text='Drag and Drop']})'...
05:39:00.456 [main] INFO  MobileProgrammingLLC.Resources.Base - Successfully tapped on 'Located by By.chained({By.xpath: //android.widget.TextView[@text='Drag and Drop']})'
05:39:00.456 [main] INFO  MobileProgrammingLLC.Tests.Listeners - Script 'tapOnDragAndDropOption' passed.
05:39:00.457 [main] INFO  MobileProgrammingLLC.Tests.Listeners - 
--------------------validatingRedDotsMovement--------------------

05:39:00.457 [main] DEBUG MobileProgrammingLLC.Resources.Base - Attempting to long press on element 'Located by By.chained({By.xpath: //android.view.View[@resource-id='io.appium.android.apis:id/drag_dot_1']})'...
05:39:03.525 [main] INFO  MobileProgrammingLLC.Resources.Base - Successfully long pressed on 'Located by By.chained({By.xpath: //android.view.View[@resource-id='io.appium.android.apis:id/drag_dot_1']})'.
05:39:03.525 [main] DEBUG MobileProgrammingLLC.Resources.Base - Attempting to move the element to 'Located by By.chained({By.xpath: //android.view.View[@resource-id='io.appium.android.apis:id/drag_dot_3']})'...
05:39:03.828 [main] INFO  MobileProgrammingLLC.Resources.Base - Successfully moved the element to 'Located by By.chained({By.xpath: //android.view.View[@resource-id='io.appium.android.apis:id/drag_dot_3']})'.
05:39:03.828 [main] INFO  MobileProgrammingLLC.Tests.Listeners - Script 'validatingRedDotsMovement' passed.
05:39:06.696 [main] DEBUG MobileProgrammingLLC.Resources.Base - Stopping Appium Server...
05:39:06.750 [main] INFO  MobileProgrammingLLC.Resources.Base - Server successfully stopped.
05:39:06.751 [main] INFO  MobileProgrammingLLC.Tests.APIDemos_MakingPopUps - Initializing Configurations...
05:39:06.751 [main] DEBUG MobileProgrammingLLC.Resources.Base - Loading locators...
05:39:06.751 [main] INFO  MobileProgrammingLLC.Resources.Base - Locators successfully loaded.
05:39:06.751 [main] DEBUG MobileProgrammingLLC.Resources.Base - Loading config file...
05:39:06.751 [main] INFO  MobileProgrammingLLC.Resources.Base - Config file successfully loaded.
05:39:06.752 [main] DEBUG MobileProgrammingLLC.Resources.Base - Loading data...
05:39:06.752 [main] INFO  MobileProgrammingLLC.Resources.Base - Data successfully loaded.
05:39:06.760 [main] DEBUG MobileProgrammingLLC.Resources.Base - Starting Appium Server...
05:39:16.885 [main] INFO  MobileProgrammingLLC.Resources.Base - Server successfully started.
05:39:16.886 [main] DEBUG MobileProgrammingLLC.Resources.Base - Setting Capabilities...
05:39:16.886 [main] DEBUG MobileProgrammingLLC.Resources.Base - Starting Emulator...
05:39:19.214 [main] INFO  MobileProgrammingLLC.Resources.Base - Emulator successfully started.
05:39:19.215 [main] INFO  MobileProgrammingLLC.Resources.Base - Capabilities Successfully set.
05:39:19.215 [main] DEBUG MobileProgrammingLLC.Resources.Base - Invoking the Native Application...
05:39:19.215 [main] INFO  MobileProgrammingLLC.Resources.Base - Application successfully invoked.
05:39:19.215 [main] DEBUG MobileProgrammingLLC.Resources.Base - Creating connection with Appium Server...
05:39:30.866 [main] INFO  MobileProgrammingLLC.Resources.Base - Connection successfully created.
05:39:31.011 [main] INFO  MobileProgrammingLLC.Tests.APIDemos_MakingPopUps - Configurations Successfully Initialized.
05:39:31.011 [main] INFO  MobileProgrammingLLC.Tests.Listeners - 
--------------------tapOnViewsOption--------------------

05:39:31.015 [main] DEBUG MobileProgrammingLLC.Resources.Base - Attempting to tap on element 'Located by By.chained({By.AndroidUIAutomator: text("Views")})'...
05:39:32.030 [main] INFO  MobileProgrammingLLC.Resources.Base - Successfully tapped on 'Located by By.chained({By.AndroidUIAutomator: text("Views")})'
05:39:32.030 [main] INFO  MobileProgrammingLLC.Tests.Listeners - Script 'tapOnViewsOption' passed.
05:39:32.031 [main] INFO  MobileProgrammingLLC.Tests.Listeners - 
--------------------tapOnPopUpMenu--------------------

05:39:32.031 [main] DEBUG MobileProgrammingLLC.Resources.Base - Attempting to perform scroll on the page...
05:39:42.505 [main] INFO  MobileProgrammingLLC.Resources.Base - Scrolling successful.
05:39:42.505 [main] DEBUG MobileProgrammingLLC.Resources.Base - Attempting to tap on element 'Located by By.chained({By.AndroidUIAutomator: text("Popup Menu")})'...
05:39:42.889 [main] INFO  MobileProgrammingLLC.Resources.Base - Successfully tapped on 'Located by By.chained({By.AndroidUIAutomator: text("Popup Menu")})'
05:39:42.889 [main] INFO  MobileProgrammingLLC.Tests.Listeners - Script 'tapOnPopUpMenu' passed.
05:39:42.890 [main] INFO  MobileProgrammingLLC.Tests.Listeners - 
--------------------makeAPopUp--------------------

05:39:42.890 [main] DEBUG MobileProgrammingLLC.Resources.Base - Attempting to tap on element 'Located by By.chained({By.xpath: //android.widget.Button[@text='MAKE A POPUP!']})'...
05:39:47.070 [main] INFO  MobileProgrammingLLC.Resources.Base - Successfully tapped on 'Located by By.chained({By.xpath: //android.widget.Button[@text='MAKE A POPUP!']})'
05:39:47.070 [main] INFO  MobileProgrammingLLC.Tests.Listeners - Script 'makeAPopUp' passed.
05:39:51.305 [main] DEBUG MobileProgrammingLLC.Resources.Base - Stopping Appium Server...
05:39:51.360 [main] INFO  MobileProgrammingLLC.Resources.Base - Server successfully stopped.
05:39:51.404 [main] INFO  MobileProgrammingLLC.Tests.Listeners - 
--------------------Test1--------------------

05:41:04.627 [main] INFO  MobileProgrammingLLC.Tests.Listeners - 
--------------------Test1--------------------

05:41:04.659 [main] INFO  MobileProgrammingLLC.Tests.APIDemos_SettingWiFi - Initializing Configurations...
05:41:04.659 [main] DEBUG MobileProgrammingLLC.Resources.Base - Loading locators...
05:41:04.659 [main] INFO  MobileProgrammingLLC.Resources.Base - Locators successfully loaded.
05:41:04.659 [main] DEBUG MobileProgrammingLLC.Resources.Base - Loading config file...
05:41:04.659 [main] INFO  MobileProgrammingLLC.Resources.Base - Config file successfully loaded.
05:41:04.660 [main] DEBUG MobileProgrammingLLC.Resources.Base - Loading data...
05:41:04.660 [main] INFO  MobileProgrammingLLC.Resources.Base - Data successfully loaded.
05:41:04.669 [main] DEBUG MobileProgrammingLLC.Resources.Base - Starting Appium Server...
05:41:14.572 [main] INFO  MobileProgrammingLLC.Resources.Base - Server successfully started.
05:41:14.573 [main] DEBUG MobileProgrammingLLC.Resources.Base - Setting Capabilities...
05:41:14.577 [main] DEBUG MobileProgrammingLLC.Resources.Base - Starting Emulator...
05:41:16.906 [main] INFO  MobileProgrammingLLC.Resources.Base - Emulator successfully started.
05:41:16.907 [main] INFO  MobileProgrammingLLC.Resources.Base - Capabilities Successfully set.
05:41:16.907 [main] DEBUG MobileProgrammingLLC.Resources.Base - Invoking the Native Application...
05:41:16.907 [main] INFO  MobileProgrammingLLC.Resources.Base - Application successfully invoked.
05:41:16.908 [main] DEBUG MobileProgrammingLLC.Resources.Base - Creating connection with Appium Server...
05:41:30.158 [main] INFO  MobileProgrammingLLC.Resources.Base - Connection successfully created.
05:41:30.765 [main] INFO  MobileProgrammingLLC.Tests.APIDemos_SettingWiFi - Configurations Successfully Initialized.
05:41:30.779 [main] INFO  MobileProgrammingLLC.Tests.Listeners - 
--------------------clickOnPreferenceOption--------------------

05:41:30.784 [main] DEBUG MobileProgrammingLLC.Resources.Base - Attempting to tap on element 'Located by By.chained({By.xpath: //android.widget.TextView[@text='Preference']})'...
05:41:31.666 [main] INFO  MobileProgrammingLLC.Resources.Base - Successfully tapped on 'Located by By.chained({By.xpath: //android.widget.TextView[@text='Preference']})'
05:41:31.666 [main] INFO  MobileProgrammingLLC.Tests.Listeners - Script 'clickOnPreferenceOption' passed.
05:41:31.669 [main] INFO  MobileProgrammingLLC.Tests.Listeners - 
--------------------clickOnPreferenceDependenciesOption--------------------

05:41:31.670 [main] DEBUG MobileProgrammingLLC.Resources.Base - Attempting to tap on element 'Located by By.chained({By.AndroidUIAutomator: text("3. Preference dependencies")})'...
05:41:34.492 [main] INFO  MobileProgrammingLLC.Resources.Base - Successfully tapped on 'Located by By.chained({By.AndroidUIAutomator: text("3. Preference dependencies")})'
05:41:34.492 [main] INFO  MobileProgrammingLLC.Tests.Listeners - Script 'clickOnPreferenceDependenciesOption' passed.
05:41:34.498 [main] INFO  MobileProgrammingLLC.Tests.Listeners - 
--------------------settingWifiFunctionality--------------------

05:41:34.498 [main] DEBUG MobileProgrammingLLC.Resources.Base - Attempting to tap on element 'Located by By.chained({By.className: android.widget.CheckBox})'...
05:41:38.369 [main] INFO  MobileProgrammingLLC.Resources.Base - Successfully tapped on 'Located by By.chained({By.className: android.widget.CheckBox})'
05:41:38.369 [main] DEBUG MobileProgrammingLLC.Resources.Base - Attempting to tap on element 'Located by By.chained({By.xpath: //android.widget.TextView[@text='WiFi settings']})'...
05:41:39.782 [main] INFO  MobileProgrammingLLC.Resources.Base - Successfully tapped on 'Located by By.chained({By.xpath: //android.widget.TextView[@text='WiFi settings']})'
05:41:54.169 [main] DEBUG MobileProgrammingLLC.Resources.Base - Attempting to tap on element 'Located by By.chained({By.id: android:id/button1})'...
05:41:55.639 [main] INFO  MobileProgrammingLLC.Resources.Base - Successfully tapped on 'Located by By.chained({By.id: android:id/button1})'
05:41:55.639 [main] INFO  MobileProgrammingLLC.Tests.Listeners - Script 'settingWifiFunctionality' passed.
05:41:59.214 [main] DEBUG MobileProgrammingLLC.Resources.Base - Stopping Appium Server...
05:41:59.268 [main] INFO  MobileProgrammingLLC.Resources.Base - Server successfully stopped.
05:41:59.269 [main] INFO  MobileProgrammingLLC.Tests.APIDemos_RetrivingDogsInfo - Initializing Configurations...
05:41:59.269 [main] DEBUG MobileProgrammingLLC.Resources.Base - Loading locators...
05:41:59.270 [main] INFO  MobileProgrammingLLC.Resources.Base - Locators successfully loaded.
05:41:59.270 [main] DEBUG MobileProgrammingLLC.Resources.Base - Loading config file...
05:41:59.270 [main] INFO  MobileProgrammingLLC.Resources.Base - Config file successfully loaded.
05:41:59.270 [main] DEBUG MobileProgrammingLLC.Resources.Base - Loading data...
05:41:59.270 [main] INFO  MobileProgrammingLLC.Resources.Base - Data successfully loaded.
05:41:59.283 [main] DEBUG MobileProgrammingLLC.Resources.Base - Starting Appium Server...
05:42:09.399 [main] INFO  MobileProgrammingLLC.Resources.Base - Server successfully started.
05:42:09.399 [main] DEBUG MobileProgrammingLLC.Resources.Base - Setting Capabilities...
05:42:09.399 [main] DEBUG MobileProgrammingLLC.Resources.Base - Starting Emulator...
05:42:11.714 [main] INFO  MobileProgrammingLLC.Resources.Base - Emulator successfully started.
05:42:11.714 [main] INFO  MobileProgrammingLLC.Resources.Base - Capabilities Successfully set.
05:42:11.714 [main] DEBUG MobileProgrammingLLC.Resources.Base - Invoking the Native Application...
05:42:11.715 [main] INFO  MobileProgrammingLLC.Resources.Base - Application successfully invoked.
05:42:11.715 [main] DEBUG MobileProgrammingLLC.Resources.Base - Creating connection with Appium Server...
05:42:23.563 [main] INFO  MobileProgrammingLLC.Resources.Base - Connection successfully created.
05:42:23.741 [main] INFO  MobileProgrammingLLC.Tests.APIDemos_RetrivingDogsInfo - Configurations Successfully Initialized.
05:42:23.742 [main] INFO  MobileProgrammingLLC.Tests.Listeners - 
--------------------navigateToCustomAdapterPage--------------------

05:42:23.743 [main] DEBUG MobileProgrammingLLC.Resources.Base - Attempting to tap on element 'Located by By.chained({By.AndroidUIAutomator: text("Views")})'...
05:42:24.797 [main] INFO  MobileProgrammingLLC.Resources.Base - Successfully tapped on 'Located by By.chained({By.AndroidUIAutomator: text("Views")})'
05:42:24.798 [main] DEBUG MobileProgrammingLLC.Resources.Base - Attempting to tap on element 'Located by By.chained({By.AndroidUIAutomator: text("Expandable Lists")})'...
05:42:28.101 [main] INFO  MobileProgrammingLLC.Resources.Base - Successfully tapped on 'Located by By.chained({By.AndroidUIAutomator: text("Expandable Lists")})'
05:42:28.101 [main] INFO  MobileProgrammingLLC.Tests.Listeners - Script 'navigateToCustomAdapterPage' passed.
05:42:28.102 [main] INFO  MobileProgrammingLLC.Tests.Listeners - 
--------------------retrieveDogNamesInformation--------------------

05:42:28.102 [main] DEBUG MobileProgrammingLLC.Resources.Base - Attempting to tap on element 'Located by By.chained({By.xpath: //android.widget.TextView[@text='1. Custom Adapter']})'...
05:42:31.644 [main] INFO  MobileProgrammingLLC.Resources.Base - Successfully tapped on 'Located by By.chained({By.xpath: //android.widget.TextView[@text='1. Custom Adapter']})'
05:42:31.645 [main] DEBUG MobileProgrammingLLC.Resources.Base - Attempting to long press on element 'Located by By.chained({By.xpath: //*[@text='Dog Names']})'...
05:42:35.743 [main] INFO  MobileProgrammingLLC.Resources.Base - Successfully long pressed on 'Located by By.chained({By.xpath: //*[@text='Dog Names']})'.
05:42:35.743 [main] INFO  MobileProgrammingLLC.Tests.Listeners - Script 'retrieveDogNamesInformation' passed.
05:42:38.641 [main] DEBUG MobileProgrammingLLC.Resources.Base - Stopping Appium Server...
05:42:38.695 [main] INFO  MobileProgrammingLLC.Resources.Base - Server successfully stopped.
05:42:38.696 [main] INFO  MobileProgrammingLLC.Tests.APIDemos_PlayingRedDots - Initializing Configurations...
05:42:38.696 [main] DEBUG MobileProgrammingLLC.Resources.Base - Loading locators...
05:42:38.696 [main] INFO  MobileProgrammingLLC.Resources.Base - Locators successfully loaded.
05:42:38.696 [main] DEBUG MobileProgrammingLLC.Resources.Base - Loading config file...
05:42:38.696 [main] INFO  MobileProgrammingLLC.Resources.Base - Config file successfully loaded.
05:42:38.696 [main] DEBUG MobileProgrammingLLC.Resources.Base - Loading data...
05:42:38.697 [main] INFO  MobileProgrammingLLC.Resources.Base - Data successfully loaded.
05:42:38.706 [main] DEBUG MobileProgrammingLLC.Resources.Base - Starting Appium Server...
05:42:48.180 [main] INFO  MobileProgrammingLLC.Resources.Base - Server successfully started.
05:42:48.180 [main] DEBUG MobileProgrammingLLC.Resources.Base - Setting Capabilities...
05:42:48.180 [main] DEBUG MobileProgrammingLLC.Resources.Base - Starting Emulator...
05:42:50.495 [main] INFO  MobileProgrammingLLC.Resources.Base - Emulator successfully started.
05:42:50.495 [main] INFO  MobileProgrammingLLC.Resources.Base - Capabilities Successfully set.
05:42:50.495 [main] DEBUG MobileProgrammingLLC.Resources.Base - Invoking the Native Application...
05:42:50.495 [main] INFO  MobileProgrammingLLC.Resources.Base - Application successfully invoked.
05:42:50.495 [main] DEBUG MobileProgrammingLLC.Resources.Base - Creating connection with Appium Server...
05:43:02.472 [main] INFO  MobileProgrammingLLC.Resources.Base - Connection successfully created.
05:43:02.575 [main] INFO  MobileProgrammingLLC.Tests.APIDemos_PlayingRedDots - Configurations Successfully Initialized.
05:43:02.576 [main] INFO  MobileProgrammingLLC.Tests.Listeners - 
--------------------tapOnViewsOption--------------------

05:43:02.576 [main] DEBUG MobileProgrammingLLC.Resources.Base - Attempting to tap on element 'Located by By.chained({By.AndroidUIAutomator: text("Views")})'...
05:43:03.480 [main] INFO  MobileProgrammingLLC.Resources.Base - Successfully tapped on 'Located by By.chained({By.AndroidUIAutomator: text("Views")})'
05:43:03.481 [main] INFO  MobileProgrammingLLC.Tests.Listeners - Script 'tapOnViewsOption' passed.
05:43:03.481 [main] INFO  MobileProgrammingLLC.Tests.Listeners - 
--------------------tapOnDragAndDropOption--------------------

05:43:03.482 [main] DEBUG MobileProgrammingLLC.Resources.Base - Attempting to tap on element 'Located by By.chained({By.xpath: //android.widget.TextView[@text='Drag and Drop']})'...
05:43:06.807 [main] INFO  MobileProgrammingLLC.Resources.Base - Successfully tapped on 'Located by By.chained({By.xpath: //android.widget.TextView[@text='Drag and Drop']})'
05:43:06.807 [main] INFO  MobileProgrammingLLC.Tests.Listeners - Script 'tapOnDragAndDropOption' passed.
05:43:06.808 [main] INFO  MobileProgrammingLLC.Tests.Listeners - 
--------------------validatingRedDotsMovement--------------------

05:43:06.809 [main] DEBUG MobileProgrammingLLC.Resources.Base - Attempting to long press on element 'Located by By.chained({By.xpath: //android.view.View[@resource-id='io.appium.android.apis:id/drag_dot_1']})'...
05:43:09.715 [main] INFO  MobileProgrammingLLC.Resources.Base - Successfully long pressed on 'Located by By.chained({By.xpath: //android.view.View[@resource-id='io.appium.android.apis:id/drag_dot_1']})'.
05:43:09.715 [main] DEBUG MobileProgrammingLLC.Resources.Base - Attempting to move the element to 'Located by By.chained({By.xpath: //android.view.View[@resource-id='io.appium.android.apis:id/drag_dot_3']})'...
05:43:10.205 [main] INFO  MobileProgrammingLLC.Resources.Base - Successfully moved the element to 'Located by By.chained({By.xpath: //android.view.View[@resource-id='io.appium.android.apis:id/drag_dot_3']})'.
05:43:10.205 [main] INFO  MobileProgrammingLLC.Tests.Listeners - Script 'validatingRedDotsMovement' passed.
05:43:12.810 [main] DEBUG MobileProgrammingLLC.Resources.Base - Stopping Appium Server...
05:43:12.864 [main] INFO  MobileProgrammingLLC.Resources.Base - Server successfully stopped.
05:43:12.865 [main] INFO  MobileProgrammingLLC.Tests.APIDemos_MakingPopUps - Initializing Configurations...
05:43:12.865 [main] DEBUG MobileProgrammingLLC.Resources.Base - Loading locators...
05:43:12.865 [main] INFO  MobileProgrammingLLC.Resources.Base - Locators successfully loaded.
05:43:12.865 [main] DEBUG MobileProgrammingLLC.Resources.Base - Loading config file...
05:43:12.866 [main] INFO  MobileProgrammingLLC.Resources.Base - Config file successfully loaded.
05:43:12.866 [main] DEBUG MobileProgrammingLLC.Resources.Base - Loading data...
05:43:12.866 [main] INFO  MobileProgrammingLLC.Resources.Base - Data successfully loaded.
05:43:12.875 [main] DEBUG MobileProgrammingLLC.Resources.Base - Starting Appium Server...
05:43:22.688 [main] INFO  MobileProgrammingLLC.Resources.Base - Server successfully started.
05:43:22.689 [main] DEBUG MobileProgrammingLLC.Resources.Base - Setting Capabilities...
05:43:22.689 [main] DEBUG MobileProgrammingLLC.Resources.Base - Starting Emulator...
05:43:25.002 [main] INFO  MobileProgrammingLLC.Resources.Base - Emulator successfully started.
05:43:25.003 [main] INFO  MobileProgrammingLLC.Resources.Base - Capabilities Successfully set.
05:43:25.003 [main] DEBUG MobileProgrammingLLC.Resources.Base - Invoking the Native Application...
05:43:25.003 [main] INFO  MobileProgrammingLLC.Resources.Base - Application successfully invoked.
05:43:25.003 [main] DEBUG MobileProgrammingLLC.Resources.Base - Creating connection with Appium Server...
05:43:36.892 [main] INFO  MobileProgrammingLLC.Resources.Base - Connection successfully created.
05:43:36.954 [main] INFO  MobileProgrammingLLC.Tests.APIDemos_MakingPopUps - Configurations Successfully Initialized.
05:43:36.954 [main] INFO  MobileProgrammingLLC.Tests.Listeners - 
--------------------tapOnViewsOption--------------------

05:43:36.955 [main] DEBUG MobileProgrammingLLC.Resources.Base - Attempting to tap on element 'Located by By.chained({By.AndroidUIAutomator: text("Views")})'...
05:43:38.269 [main] INFO  MobileProgrammingLLC.Resources.Base - Successfully tapped on 'Located by By.chained({By.AndroidUIAutomator: text("Views")})'
05:43:38.269 [main] INFO  MobileProgrammingLLC.Tests.Listeners - Script 'tapOnViewsOption' passed.
05:43:38.270 [main] INFO  MobileProgrammingLLC.Tests.Listeners - 
--------------------tapOnPopUpMenu--------------------

05:43:38.270 [main] DEBUG MobileProgrammingLLC.Resources.Base - Attempting to perform scroll on the page...
05:43:48.680 [main] INFO  MobileProgrammingLLC.Resources.Base - Scrolling successful.
05:43:48.680 [main] DEBUG MobileProgrammingLLC.Resources.Base - Attempting to tap on element 'Located by By.chained({By.AndroidUIAutomator: text("Popup Menu")})'...
05:43:49.089 [main] INFO  MobileProgrammingLLC.Resources.Base - Successfully tapped on 'Located by By.chained({By.AndroidUIAutomator: text("Popup Menu")})'
05:43:49.089 [main] INFO  MobileProgrammingLLC.Tests.Listeners - Script 'tapOnPopUpMenu' passed.
05:43:49.090 [main] INFO  MobileProgrammingLLC.Tests.Listeners - 
--------------------makeAPopUp--------------------

05:43:49.090 [main] DEBUG MobileProgrammingLLC.Resources.Base - Attempting to tap on element 'Located by By.chained({By.xpath: //android.widget.Button[@text='MAKE A POPUP!']})'...
05:43:53.326 [main] INFO  MobileProgrammingLLC.Resources.Base - Successfully tapped on 'Located by By.chained({By.xpath: //android.widget.Button[@text='MAKE A POPUP!']})'
05:43:53.326 [main] INFO  MobileProgrammingLLC.Tests.Listeners - Script 'makeAPopUp' passed.
05:43:56.517 [main] DEBUG MobileProgrammingLLC.Resources.Base - Stopping Appium Server...
05:43:56.568 [main] INFO  MobileProgrammingLLC.Resources.Base - Server successfully stopped.
05:43:56.593 [main] INFO  MobileProgrammingLLC.Tests.Listeners - 
--------------------Test1--------------------

